# JRE version: Java(TM) SE Runtime Environment (8.0_191-b12) (build 1.8.0_191-b12)
# Java VM: Java HotSpot(TM) Client VM (25.191-b12 mixed mode windows-x86 )
Heap:
 def new generation   total 65664K, used 28102K [0x05000000, 0x09730000, 0x0faa0000)
  eden space 58432K,  40% used [0x05000000, 0x0671f460, 0x08910000)
  from space 7232K,  61% used [0x09020000, 0x09472760, 0x09730000)
  to   space 7232K,   0% used [0x08910000, 0x08910000, 0x09020000)
 tenured generation   total 145724K, used 118331K [0x0faa0000, 0x188ef000, 0x25000000)
   the space 145724K,  81% used [0x0faa0000, 0x16e2edc0, 0x16e2ee00, 0x188ef000)
 Metaspace       used 22575K, capacity 23124K, committed 23168K, reserved 23936K
GC Heap History (10 events):
Event: 35231.707 GC heap before
{Heap before GC invocations=24 (full 2):
 def new generation   total 65664K, used 63992K [0x05000000, 0x09730000, 0x0faa0000)
  eden space 58432K, 100% used [0x05000000, 0x08910000, 0x08910000)
  from space 7232K,  76% used [0x08910000, 0x08e7e390, 0x09020000)
  to   space 7232K,   0% used [0x09020000, 0x09020000, 0x09730000)
 tenured generation   total 145724K, used 108499K [0x0faa0000, 0x188ef000, 0x25000000)
   the space 145724K,  74% used [0x0faa0000, 0x16494de0, 0x16494e00, 0x188ef000)
 Metaspace       used 22362K, capacity 22927K, committed 23040K, reserved 23936K
Event: 35231.785 GC heap after
Heap after GC invocations=25 (full 2):
 def new generation   total 65664K, used 6986K [0x05000000, 0x09730000, 0x0faa0000)
  eden space 58432K,   0% used [0x05000000, 0x05000000, 0x08910000)
  from space 7232K,  96% used [0x09020000, 0x096f2b58, 0x09730000)
  to   space 7232K,   0% used [0x08910000, 0x08910000, 0x09020000)
 tenured generation   total 145724K, used 110869K [0x0faa0000, 0x188ef000, 0x25000000)
   the space 145724K,  76% used [0x0faa0000, 0x166e5718, 0x166e5800, 0x188ef000)
 Metaspace       used 22362K, capacity 22927K, committed 23040K, reserved 23936K
}
Event: 35687.258 GC heap before
{Heap before GC invocations=25 (full 2):
 def new generation   total 65664K, used 65418K [0x05000000, 0x09730000, 0x0faa0000)
  eden space 58432K, 100% used [0x05000000, 0x08910000, 0x08910000)
  from space 7232K,  96% used [0x09020000, 0x096f2b58, 0x09730000)
  to   space 7232K,   0% used [0x08910000, 0x08910000, 0x09020000)
 tenured generation   total 145724K, used 110869K [0x0faa0000, 0x188ef000, 0x25000000)
   the space 145724K,  76% used [0x0faa0000, 0x166e5718, 0x166e5800, 0x188ef000)
 Metaspace       used 22363K, capacity 22930K, committed 23040K, reserved 23936K
Event: 35687.283 GC heap after
Heap after GC invocations=26 (full 2):
 def new generation   total 65664K, used 2937K [0x05000000, 0x09730000, 0x0faa0000)
  eden space 58432K,   0% used [0x05000000, 0x05000000, 0x08910000)
  from space 7232K,  40% used [0x08910000, 0x08bee5a0, 0x09020000)
  to   space 7232K,   0% used [0x09020000, 0x09020000, 0x09730000)
 tenured generation   total 145724K, used 116023K [0x0faa0000, 0x188ef000, 0x25000000)
   the space 145724K,  79% used [0x0faa0000, 0x16bedf50, 0x16bee000, 0x188ef000)
 Metaspace       used 22363K, capacity 22930K, committed 23040K, reserved 23936K
}
Event: 36193.709 GC heap before
{Heap before GC invocations=26 (full 2):
 def new generation   total 65664K, used 61369K [0x05000000, 0x09730000, 0x0faa0000)
  eden space 58432K, 100% used [0x05000000, 0x08910000, 0x08910000)
  from space 7232K,  40% used [0x08910000, 0x08bee5a0, 0x09020000)
  to   space 7232K,   0% used [0x09020000, 0x09020000, 0x09730000)
 tenured generation   total 145724K, used 116023K [0x0faa0000, 0x188ef000, 0x25000000)
   the space 145724K,  79% used [0x0faa0000, 0x16bedf50, 0x16bee000, 0x188ef000)
 Metaspace       used 22377K, capacity 22930K, committed 23040K, reserved 23936K
Event: 36193.733 GC heap after
Heap after GC invocations=27 (full 2):
 def new generation   total 65664K, used 3056K [0x05000000, 0x09730000, 0x0faa0000)
  eden space 58432K,   0% used [0x05000000, 0x05000000, 0x08910000)
  from space 7232K,  42% used [0x09020000, 0x0931c008, 0x09730000)
  to   space 7232K,   0% used [0x08910000, 0x08910000, 0x09020000)
 tenured generation   total 145724K, used 116023K [0x0faa0000, 0x188ef000, 0x25000000)
   the space 145724K,  79% used [0x0faa0000, 0x16bedf50, 0x16bee000, 0x188ef000)
 Metaspace       used 22377K, capacity 22930K, committed 23040K, reserved 23936K
}
Event: 36484.148 GC heap before
{Heap before GC invocations=27 (full 2):
 def new generation   total 65664K, used 61488K [0x05000000, 0x09730000, 0x0faa0000)
  eden space 58432K, 100% used [0x05000000, 0x08910000, 0x08910000)
  from space 7232K,  42% used [0x09020000, 0x0931c008, 0x09730000)
  to   space 7232K,   0% used [0x08910000, 0x08910000, 0x09020000)
 tenured generation   total 145724K, used 116023K [0x0faa0000, 0x188ef000, 0x25000000)
   the space 145724K,  79% used [0x0faa0000, 0x16bedf50, 0x16bee000, 0x188ef000)
 Metaspace       used 22574K, capacity 23124K, committed 23168K, reserved 23936K
Event: 36484.184 GC heap after
Heap after GC invocations=28 (full 2):
 def new generation   total 65664K, used 5255K [0x05000000, 0x09730000, 0x0faa0000)
  eden space 58432K,   0% used [0x05000000, 0x05000000, 0x08910000)
  from space 7232K,  72% used [0x08910000, 0x08e31ed0, 0x09020000)
  to   space 7232K,   0% used [0x09020000, 0x09020000, 0x09730000)
 tenured generation   total 145724K, used 116023K [0x0faa0000, 0x188ef000, 0x25000000)
   the space 145724K,  79% used [0x0faa0000, 0x16bedf50, 0x16bee000, 0x188ef000)
 Metaspace       used 22574K, capacity 23124K, committed 23168K, reserved 23936K
}
Event: 36737.099 GC heap before
{Heap before GC invocations=28 (full 2):
 def new generation   total 65664K, used 63687K [0x05000000, 0x09730000, 0x0faa0000)
  eden space 58432K, 100% used [0x05000000, 0x08910000, 0x08910000)
  from space 7232K,  72% used [0x08910000, 0x08e31ed0, 0x09020000)
  to   space 7232K,   0% used [0x09020000, 0x09020000, 0x09730000)
 tenured generation   total 145724K, used 116023K [0x0faa0000, 0x188ef000, 0x25000000)
   the space 145724K,  79% used [0x0faa0000, 0x16bedf50, 0x16bee000, 0x188ef000)
 Metaspace       used 22574K, capacity 23124K, committed 23168K, reserved 23936K
Event: 36737.113 GC heap after
Heap after GC invocations=29 (full 2):
 def new generation   total 65664K, used 4425K [0x05000000, 0x09730000, 0x0faa0000)
  eden space 58432K,   0% used [0x05000000, 0x05000000, 0x08910000)
  from space 7232K,  61% used [0x09020000, 0x09472760, 0x09730000)
  to   space 7232K,   0% used [0x08910000, 0x08910000, 0x09020000)
 tenured generation   total 145724K, used 118331K [0x0faa0000, 0x188ef000, 0x25000000)
   the space 145724K,  81% used [0x0faa0000, 0x16e2edc0, 0x16e2ee00, 0x188ef000)
 Metaspace       used 22574K, capacity 23124K, committed 23168K, reserved 23936K
}

