# JRE version: Java(TM) SE Runtime Environment (8.0_191-b12) (build 1.8.0_191-b12)
# Java VM: Java HotSpot(TM) Client VM (25.191-b12 mixed mode windows-x86 )
Heap:
 def new generation   total 66624K, used 35195K [0x05200000, 0x09a40000, 0x0fca0000)
  eden space 59264K,  46% used [0x05200000, 0x06d2eea8, 0x08be0000)
  from space 7360K, 100% used [0x09310000, 0x09a40000, 0x09a40000)
  to   space 7360K,   0% used [0x08be0000, 0x08be0000, 0x09310000)
 tenured generation   total 147888K, used 143498K [0x0fca0000, 0x18d0c000, 0x25200000)
   the space 147888K,  97% used [0x0fca0000, 0x188c2990, 0x188c2a00, 0x18d0c000)
 Metaspace       used 21355K, capacity 21912K, committed 22016K, reserved 22912K
GC Heap History (10 events):
Event: 12.728 GC heap before
{Heap before GC invocations=9 (full 1):
 def new generation   total 53952K, used 50982K [0x05200000, 0x08c80000, 0x0fca0000)
  eden space 48000K, 100% used [0x05200000, 0x080e0000, 0x080e0000)
  from space 5952K,  50% used [0x086b0000, 0x089999d0, 0x08c80000)
  to   space 5952K,   0% used [0x080e0000, 0x080e0000, 0x086b0000)
 tenured generation   total 119648K, used 71786K [0x0fca0000, 0x17178000, 0x25200000)
   the space 119648K,  59% used [0x0fca0000, 0x142bab88, 0x142bac00, 0x17178000)
 Metaspace       used 19277K, capacity 19724K, committed 19840K, reserved 19840K
Event: 12.772 GC heap after
Heap after GC invocations=10 (full 1):
 def new generation   total 53952K, used 5952K [0x05200000, 0x08c80000, 0x0fca0000)
  eden space 48000K,   0% used [0x05200000, 0x05200000, 0x080e0000)
  from space 5952K, 100% used [0x080e0000, 0x086b0000, 0x086b0000)
  to   space 5952K,   0% used [0x086b0000, 0x086b0000, 0x08c80000)
 tenured generation   total 119648K, used 79936K [0x0fca0000, 0x17178000, 0x25200000)
   the space 119648K,  66% used [0x0fca0000, 0x14ab03c8, 0x14ab0400, 0x17178000)
 Metaspace       used 19277K, capacity 19724K, committed 19840K, reserved 19840K
}
Event: 19.108 GC heap before
{Heap before GC invocations=10 (full 1):
 def new generation   total 53952K, used 17864K [0x05200000, 0x08c80000, 0x0fca0000)
  eden space 48000K,  24% used [0x05200000, 0x05da22f8, 0x080e0000)
  from space 5952K, 100% used [0x080e0000, 0x086b0000, 0x086b0000)
  to   space 5952K,   0% used [0x086b0000, 0x086b0000, 0x08c80000)
 tenured generation   total 119648K, used 79936K [0x0fca0000, 0x17178000, 0x25200000)
   the space 119648K,  66% used [0x0fca0000, 0x14ab03c8, 0x14ab0400, 0x17178000)
 Metaspace       used 19978K, capacity 20411K, committed 20480K, reserved 20864K
Event: 19.323 GC heap after
Heap after GC invocations=11 (full 2):
 def new generation   total 66624K, used 0K [0x05200000, 0x09a40000, 0x0fca0000)
  eden space 59264K,   0% used [0x05200000, 0x05200000, 0x08be0000)
  from space 7360K,   0% used [0x08be0000, 0x08be0000, 0x09310000)
  to   space 7360K,   0% used [0x09310000, 0x09310000, 0x09a40000)
 tenured generation   total 147888K, used 88732K [0x0fca0000, 0x18d0c000, 0x25200000)
   the space 147888K,  59% used [0x0fca0000, 0x153471b0, 0x15347200, 0x18d0c000)
 Metaspace       used 19978K, capacity 20411K, committed 20480K, reserved 20864K
}
Event: 71.953 GC heap before
{Heap before GC invocations=11 (full 2):
 def new generation   total 66624K, used 57558K [0x05200000, 0x09a40000, 0x0fca0000)
  eden space 59264K,  97% used [0x05200000, 0x08a35930, 0x08be0000)
  from space 7360K,   0% used [0x08be0000, 0x08be0000, 0x09310000)
  to   space 7360K,   0% used [0x09310000, 0x09310000, 0x09a40000)
 tenured generation   total 147888K, used 88732K [0x0fca0000, 0x18d0c000, 0x25200000)
   the space 147888K,  59% used [0x0fca0000, 0x153471b0, 0x15347200, 0x18d0c000)
 Metaspace       used 20776K, capacity 21279K, committed 21376K, reserved 21888K
Event: 71.974 GC heap after
Heap after GC invocations=12 (full 2):
 def new generation   total 66624K, used 1203K [0x05200000, 0x09a40000, 0x0fca0000)
  eden space 59264K,   0% used [0x05200000, 0x05200000, 0x08be0000)
  from space 7360K,  16% used [0x09310000, 0x0943cce8, 0x09a40000)
  to   space 7360K,   0% used [0x08be0000, 0x08be0000, 0x09310000)
 tenured generation   total 147888K, used 104780K [0x0fca0000, 0x18d0c000, 0x25200000)
   the space 147888K,  70% used [0x0fca0000, 0x162f31c0, 0x162f3200, 0x18d0c000)
 Metaspace       used 20776K, capacity 21279K, committed 21376K, reserved 21888K
}
Event: 72.328 GC heap before
{Heap before GC invocations=12 (full 2):
 def new generation   total 66624K, used 60467K [0x05200000, 0x09a40000, 0x0fca0000)
  eden space 59264K, 100% used [0x05200000, 0x08be0000, 0x08be0000)
  from space 7360K,  16% used [0x09310000, 0x0943cce8, 0x09a40000)
  to   space 7360K,   0% used [0x08be0000, 0x08be0000, 0x09310000)
 tenured generation   total 147888K, used 104780K [0x0fca0000, 0x18d0c000, 0x25200000)
   the space 147888K,  70% used [0x0fca0000, 0x162f31c0, 0x162f3200, 0x18d0c000)
 Metaspace       used 20776K, capacity 21279K, committed 21376K, reserved 21888K
Event: 72.334 GC heap after
Heap after GC invocations=13 (full 2):
 def new generation   total 66624K, used 2191K [0x05200000, 0x09a40000, 0x0fca0000)
  eden space 59264K,   0% used [0x05200000, 0x05200000, 0x08be0000)
  from space 7360K,  29% used [0x08be0000, 0x08e03ea8, 0x09310000)
  to   space 7360K,   0% used [0x09310000, 0x09310000, 0x09a40000)
 tenured generation   total 147888K, used 104780K [0x0fca0000, 0x18d0c000, 0x25200000)
   the space 147888K,  70% used [0x0fca0000, 0x162f31c0, 0x162f3200, 0x18d0c000)
 Metaspace       used 20776K, capacity 21279K, committed 21376K, reserved 21888K
}
Event: 72.900 GC heap before
{Heap before GC invocations=13 (full 2):
 def new generation   total 66624K, used 61455K [0x05200000, 0x09a40000, 0x0fca0000)
  eden space 59264K, 100% used [0x05200000, 0x08be0000, 0x08be0000)
  from space 7360K,  29% used [0x08be0000, 0x08e03ea8, 0x09310000)
  to   space 7360K,   0% used [0x09310000, 0x09310000, 0x09a40000)
 tenured generation   total 147888K, used 104780K [0x0fca0000, 0x18d0c000, 0x25200000)
   the space 147888K,  70% used [0x0fca0000, 0x162f31c0, 0x162f3200, 0x18d0c000)
 Metaspace       used 20819K, capacity 21358K, committed 21376K, reserved 21888K
Event: 73.018 GC heap after
Heap after GC invocations=14 (full 2):
 def new generation   total 66624K, used 7360K [0x05200000, 0x09a40000, 0x0fca0000)
  eden space 59264K,   0% used [0x05200000, 0x05200000, 0x08be0000)
  from space 7360K, 100% used [0x09310000, 0x09a40000, 0x09a40000)
  to   space 7360K,   0% used [0x08be0000, 0x08be0000, 0x09310000)
 tenured generation   total 147888K, used 143498K [0x0fca0000, 0x18d0c000, 0x25200000)
   the space 147888K,  97% used [0x0fca0000, 0x188c2990, 0x188c2a00, 0x18d0c000)
 Metaspace       used 20819K, capacity 21358K, committed 21376K, reserved 21888K
}

